\BOOKMARK [0][-]{chapter*.10}{\376\377\000I\000n\000t\000r\000o\000d\000u\000c\000t\000i\000o\000n}{}% 1
\BOOKMARK [0][-]{chapter.1}{\376\377\000M\000a\000c\000h\000i\000n\000e\000\040\000l\000e\000a\000r\000n\000i\000n\000g\000\040\000f\000o\000u\000n\000d\000a\000t\000i\000o\000n\000s}{}% 2
\BOOKMARK [1][-]{section.1.1}{\376\377\000M\000a\000c\000h\000i\000n\000e\000\040\000l\000e\000a\000r\000n\000i\000n\000g\000\040\000a\000s\000\040\000a\000\040\000m\000e\000t\000h\000o\000d}{chapter.1}% 3
\BOOKMARK [1][-]{section.1.2}{\376\377\000L\000i\000n\000e\000a\000r\000\040\000r\000e\000g\000r\000e\000s\000s\000i\000o\000n}{chapter.1}% 4
\BOOKMARK [1][-]{section.1.3}{\376\377\000R\000e\000g\000u\000l\000a\000r\000i\000z\000e\000d\000\040\000v\000a\000r\000i\000a\000n\000t\000s\000\040\000o\000f\000\040\000l\000i\000n\000e\000a\000r\000\040\000r\000e\000g\000r\000e\000s\000s\000i\000o\000n}{chapter.1}% 5
\BOOKMARK [1][-]{section.1.4}{\376\377\000k\000-\000N\000e\000a\000r\000e\000s\000t\000\040\000n\000e\000i\000g\000h\000b\000o\000u\000r\000\040\000a\000l\000g\000o\000r\000i\000t\000h\000m}{chapter.1}% 6
\BOOKMARK [1][-]{section.1.5}{\376\377\000R\000a\000n\000d\000o\000m\000\040\000f\000o\000r\000e\000s\000t\000\040\000A\000l\000g\000o\000r\000i\000t\000h\000m}{chapter.1}% 7
\BOOKMARK [1][-]{section.1.6}{\376\377\000T\000i\000m\000e\000-\000s\000e\000r\000i\000e\000s\000\040\000n\000e\000u\000r\000a\000l\000\040\000n\000e\000t\000w\000o\000r\000k\000\040\000\050\000L\000S\000T\000M\000\051}{chapter.1}% 8
\BOOKMARK [0][-]{chapter.2}{\376\377\000S\000t\000o\000c\000k\000\040\000m\000a\000r\000k\000e\000t\000\040\000d\000a\000t\000a}{}% 9
\BOOKMARK [1][-]{section.2.1}{\376\377\000R\000o\000l\000l\000i\000n\000g\000\040\000w\000i\000n\000d\000o\000w\000\040\000m\000e\000t\000h\000o\000d\000o\000l\000o\000g\000y}{chapter.2}% 10
\BOOKMARK [1][-]{section.2.2}{\376\377\000D\000a\000t\000a\000\040\000c\000h\000r\000o\000n\000o\000l\000o\000g\000y\000\040\000a\000n\000d\000\040\000p\000r\000e\000d\000i\000c\000t\000i\000o\000n\000\040\000m\000e\000t\000h\000o\000d\000o\000l\000o\000g\000y}{chapter.2}% 11
\BOOKMARK [1][-]{section.2.3}{\376\377\000S\000u\000i\000t\000a\000b\000l\000e\000\040\000f\000e\000a\000t\000u\000r\000e\000s\000\040\000i\000n\000\040\000m\000o\000d\000e\000l\000i\000n\000g}{chapter.2}% 12
\BOOKMARK [2][-]{subsection.2.3.1}{\376\377\000S\000t\000o\000c\000k\000\040\000i\000n\000d\000i\000c\000e\000s}{section.2.3}% 13
\BOOKMARK [2][-]{subsection.2.3.2}{\376\377\000C\000o\000m\000m\000o\000d\000i\000t\000i\000e\000s}{section.2.3}% 14
\BOOKMARK [2][-]{subsection.2.3.3}{\376\377\000C\000u\000r\000r\000e\000n\000c\000y\000\040\000p\000a\000i\000r\000s\000\040\000-\000\040\000F\000O\000R\000E\000X}{section.2.3}% 15
\BOOKMARK [2][-]{subsection.2.3.4}{\376\377\000O\000t\000h\000e\000r\000\040\000m\000a\000r\000k\000e\000t\000\040\000i\000n\000d\000i\000c\000a\000t\000o\000r\000s}{section.2.3}% 16
\BOOKMARK [0][-]{chapter.3}{\376\377\000P\000r\000e\000d\000i\000c\000t\000i\000v\000e\000\040\000a\000n\000a\000l\000y\000s\000e\000s\000\040\000o\000n\000\040\000I\000T\000\040\000s\000e\000g\000m\000e\000n\000t}{}% 17
\BOOKMARK [0][-]{chapter.4}{\376\377\000I\000n\000t\000r\000a\000d\000a\000y\000\040\000o\000p\000t\000i\000m\000i\000z\000a\000t\000i\000o\000n\000\040\000o\000f\000\040\000p\000o\000r\000t\000f\000o\000l\000i\000o\000\040\000b\000a\000s\000e\000d\000\040\000o\000n\000\040\000m\000o\000d\000e\000l\000'\000s\000\040\000p\000r\000e\000d\000i\000c\000t\000i\000o\000n}{}% 18
\BOOKMARK [0][-]{chapter*.11}{\376\377\000C\000o\000n\000c\000l\000u\000s\000i\000o\000n}{}% 19
\BOOKMARK [0][-]{chapter*.11}{\376\377\000R\000e\000f\000e\000r\000e\000n\000c\000e\000s}{}% 20
\BOOKMARK [0][-]{chapter*.13}{\376\377\000A\000p\000p\000e\000n\000d\000i\000x\000\040\000A}{}% 21
